Using pre-set license
Built from '2020.3/staging' branch; Version is '2020.3.19f1 (68f137dc9bbe) revision 6877495'; Using compiler version '192528614'; Build Type 'Release'
OS: 'Windows 10 Home; OS build 22621.2134; Version 2009; 64bit' Language: 'en' Physical Memory: 16002 MB
BatchMode: 1, IsHumanControllingUs: 0, StartBugReporterOnCrash: 0, Is64bit: 1, IsPro: 0

COMMAND LINE ARGUMENTS:
C:\Program Files\Unity\Hub\Editor\2020.3.19f1\Editor\Unity.exe
-adb2
-batchMode
-noUpm
-name
AssetImportWorker0
-projectPath
C:/Users/gianl/OneDrive/Escritorio/Unity/TowerDefense/TowerDefense
-logFile
Logs/AssetImportWorker0.log
-srvPort
52113
Successfully changed project path to: C:/Users/gianl/OneDrive/Escritorio/Unity/TowerDefense/TowerDefense
C:/Users/gianl/OneDrive/Escritorio/Unity/TowerDefense/TowerDefense
Using Asset Import Pipeline V2.
Refreshing native plugins compatible for Editor in 17.42 ms, found 2 plugins.
Preloading 0 native plugins for Editor in 0.00 ms.
Initialize engine version: 2020.3.19f1 (68f137dc9bbe)
[Subsystems] Discovering subsystems at path C:/Program Files/Unity/Hub/Editor/2020.3.19f1/Editor/Data/Resources/UnitySubsystems
[Subsystems] Discovering subsystems at path C:/Users/gianl/OneDrive/Escritorio/Unity/TowerDefense/TowerDefense/Assets
GfxDevice: creating device client; threaded=0
Direct3D:
    Version:  Direct3D 11.0 [level 11.1]
    Renderer: NVIDIA GeForce RTX 4050 Laptop GPU (ID=0x28e1)
    Vendor:   
    VRAM:     5935 MB
    Driver:   31.0.15.3645
Initialize mono
Mono path[0] = 'C:/Program Files/Unity/Hub/Editor/2020.3.19f1/Editor/Data/Managed'
Mono path[1] = 'C:/Program Files/Unity/Hub/Editor/2020.3.19f1/Editor/Data/MonoBleedingEdge/lib/mono/unityjit'
Mono config path = 'C:/Program Files/Unity/Hub/Editor/2020.3.19f1/Editor/Data/MonoBleedingEdge/etc'
Using monoOptions --debugger-agent=transport=dt_socket,embedding=1,server=y,suspend=n,address=127.0.0.1:56980
Begin MonoManager ReloadAssembly
Registering precompiled unity dll's ...
Register platform support module: C:/Program Files/Unity/Hub/Editor/2020.3.19f1/Editor/Data/PlaybackEngines/WebGLSupport/UnityEditor.WebGL.Extensions.dll
Register platform support module: C:/Program Files/Unity/Hub/Editor/2020.3.19f1/Editor/Data/PlaybackEngines/WindowsStandaloneSupport/UnityEditor.WindowsStandalone.Extensions.dll
Registered in 0.000872 seconds.
Native extension for WindowsStandalone target not found
Native extension for WebGL target not found
Refreshing native plugins compatible for Editor in 17.17 ms, found 2 plugins.
Preloading 0 native plugins for Editor in 0.00 ms.
Mono: successfully reloaded assembly
- Completed reload, in  0.974 seconds
Domain Reload Profiling:
	ReloadAssembly (974ms)
		BeginReloadAssembly (26ms)
			ExecutionOrderSort (0ms)
			DisableScriptedObjects (0ms)
			BackupInstance (0ms)
			ReleaseScriptingObjects (0ms)
			CreateAndSetChildDomain (0ms)
		EndReloadAssembly (194ms)
			LoadAssemblies (25ms)
			RebuildTransferFunctionScriptingTraits (0ms)
			SetupTypeCache (68ms)
			ReleaseScriptCaches (0ms)
			RebuildScriptCaches (14ms)
			SetupLoadedEditorAssemblies (80ms)
				LogAssemblyErrors (0ms)
				InitializePlatformSupportModulesInManaged (2ms)
				SetLoadedEditorAssemblies (0ms)
				RefreshPlugins (17ms)
				BeforeProcessingInitializeOnLoad (8ms)
				ProcessInitializeOnLoadAttributes (39ms)
				ProcessInitializeOnLoadMethodAttributes (12ms)
				AfterProcessingInitializeOnLoad (0ms)
				EditorAssembliesLoaded (0ms)
			ExecutionOrderSort2 (0ms)
			AwakeInstancesAfterBackupRestoration (0ms)
Platform modules already initialized, skipping
Registering precompiled user dll's ...
Registered in 0.001217 seconds.
Begin MonoManager ReloadAssembly
Native extension for WindowsStandalone target not found
Native extension for WebGL target not found
Refreshing native plugins compatible for Editor in 0.24 ms, found 2 plugins.
Preloading 0 native plugins for Editor in 0.00 ms.
Mono: successfully reloaded assembly
- Completed reload, in  0.466 seconds
Domain Reload Profiling:
	ReloadAssembly (467ms)
		BeginReloadAssembly (66ms)
			ExecutionOrderSort (0ms)
			DisableScriptedObjects (2ms)
			BackupInstance (0ms)
			ReleaseScriptingObjects (0ms)
			CreateAndSetChildDomain (11ms)
		EndReloadAssembly (371ms)
			LoadAssemblies (42ms)
			RebuildTransferFunctionScriptingTraits (0ms)
			SetupTypeCache (122ms)
			ReleaseScriptCaches (0ms)
			RebuildScriptCaches (20ms)
			SetupLoadedEditorAssemblies (147ms)
				LogAssemblyErrors (0ms)
				InitializePlatformSupportModulesInManaged (3ms)
				SetLoadedEditorAssemblies (0ms)
				RefreshPlugins (0ms)
				BeforeProcessingInitializeOnLoad (39ms)
				ProcessInitializeOnLoadAttributes (101ms)
				ProcessInitializeOnLoadMethodAttributes (2ms)
				AfterProcessingInitializeOnLoad (2ms)
				EditorAssembliesLoaded (0ms)
			ExecutionOrderSort2 (0ms)
			AwakeInstancesAfterBackupRestoration (3ms)
Platform modules already initialized, skipping
========================================================================
Worker process is ready to serve import requests
Launched and connected shader compiler UnityShaderCompiler.exe after 0.03 seconds
Refreshing native plugins compatible for Editor in 0.23 ms, found 2 plugins.
Preloading 0 native plugins for Editor in 0.00 ms.
Unloading 1757 Unused Serialized files (Serialized files now loaded: 0)
System memory in use before: 81.2 MB.
System memory in use after: 81.2 MB.

Unloading 17 unused Assets to reduce memory usage. Loaded Objects now: 2193.
Total: 1.652500 ms (FindLiveObjects: 0.081100 ms CreateObjectMapping: 0.021400 ms MarkObjects: 1.485500 ms  DeleteObjects: 0.063500 ms)

AssetImportParameters requested are different than current active one (requested -> active):
  custom:framework-win-MediaFoundation: 216162199b28c13a410421893ffa2e32 -> 
  custom:video-decoder-ogg-theora: a1e56fd34408186e4bbccfd4996cb3dc -> 
  custom:container-muxer-webm: aa71ff27fc2769a1b78a27578f13a17b -> 
  custom:container-demuxer-webm: 4f35f7cbe854078d1ac9338744f61a02 -> 
  custom:container-demuxer-ogg: 62fdf1f143b41e24485cea50d1cbac27 -> 
  custom:video-encoder-webm-vp8: eb34c28f22e8b96e1ab97ce403110664 -> 
  custom:video-codec-MediaFoundation-h265: 746d11721c4dcdbdad8f713fa42b33f4 -> 
  custom:video-decoder-webm-vp8: 9c59270c3fd7afecdb556c50c9e8de78 -> 
  custom:audio-decoder-ogg-vorbis: bf7c407c2cedff20999df2af8eb42d56 -> 
  custom:audio-encoder-webm-vorbis: bf7c407c2cedff20999df2af8eb42d56 -> 
========================================================================
Received Import Request.
  path: Assets/_Models
  artifactKey: Guid(c3308fd55c56bbf4d9de44aa3d4a3442) Importer(815301076,1909f56bfc062723c751e8b465ee728b)
Start importing Assets/_Models using Guid(c3308fd55c56bbf4d9de44aa3d4a3442) Importer(815301076,1909f56bfc062723c751e8b465ee728b)  -> (artifact id: '7b277e7354c06e7efd858d69be452cd2') in 0.003311 seconds 
  Import took 0.004715 seconds .

========================================================================
Received Import Request.
  Time since last request: 5.547067 seconds.
  path: Assets/_Prefabs
  artifactKey: Guid(2699a477b05ddca44aa343f1ea1ab38e) Importer(815301076,1909f56bfc062723c751e8b465ee728b)
Start importing Assets/_Prefabs using Guid(2699a477b05ddca44aa343f1ea1ab38e) Importer(815301076,1909f56bfc062723c751e8b465ee728b)  -> (artifact id: '2bb983882e919b591d211210b70356bd') in 0.001496 seconds 
  Import took 0.003030 seconds .

========================================================================
Received Import Request.
  Time since last request: 8.339089 seconds.
  path: Assets/_Script
  artifactKey: Guid(79485da0160ebd6469c4bf5958a7a366) Importer(815301076,1909f56bfc062723c751e8b465ee728b)
Start importing Assets/_Script using Guid(79485da0160ebd6469c4bf5958a7a366) Importer(815301076,1909f56bfc062723c751e8b465ee728b)  -> (artifact id: 'dcba4a1df1cfde0246f9bab08c2e2255') in 0.001516 seconds 
  Import took 0.003126 seconds .

========================================================================
Received Import Request.
  Time since last request: 4.134920 seconds.
  path: Assets/_Scripts
  artifactKey: Guid(79485da0160ebd6469c4bf5958a7a366) Importer(815301076,1909f56bfc062723c751e8b465ee728b)
Start importing Assets/_Scripts using Guid(79485da0160ebd6469c4bf5958a7a366) Importer(815301076,1909f56bfc062723c751e8b465ee728b)  -> (artifact id: '5ed94f16a26e01feed1a6a980b03ce33') in 0.001290 seconds 
  Import took 0.003681 seconds .

========================================================================
Received Import Request.
  Time since last request: 9.125801 seconds.
  path: Assets/_Scripts/_Textures
  artifactKey: Guid(34f05a5fd4b3f724d860b1a10aa6c46f) Importer(815301076,1909f56bfc062723c751e8b465ee728b)
Start importing Assets/_Scripts/_Textures using Guid(34f05a5fd4b3f724d860b1a10aa6c46f) Importer(815301076,1909f56bfc062723c751e8b465ee728b)  -> (artifact id: '3d2f9e3cd48ae5edfc9edb12425a7ca2') in 0.001463 seconds 
  Import took 0.003050 seconds .

========================================================================
Received Import Request.
  Time since last request: 15.294185 seconds.
  path: Assets/_Materials
  artifactKey: Guid(9474ee9e89ff14a40b189593b095c106) Importer(815301076,1909f56bfc062723c751e8b465ee728b)
Start importing Assets/_Materials using Guid(9474ee9e89ff14a40b189593b095c106) Importer(815301076,1909f56bfc062723c751e8b465ee728b)  -> (artifact id: '88069ec66aaa931fca5a6b4d63f4b851') in 0.001928 seconds 
  Import took 0.004082 seconds .

========================================================================
Received Import Request.
  Time since last request: 29.149633 seconds.
  path: Assets/_Prefabs/Torre1.prefab
  artifactKey: Guid(75a85fa202a1fe647b4fedddece674d3) Importer(815301076,1909f56bfc062723c751e8b465ee728b)
Start importing Assets/_Prefabs/Torre1.prefab using Guid(75a85fa202a1fe647b4fedddece674d3) Importer(815301076,1909f56bfc062723c751e8b465ee728b)  -> (artifact id: '383e6a89be1a1f34d1cc54853ccc53c6') in 0.058704 seconds 
  Import took 0.060518 seconds .

========================================================================
Received Import Request.
  Time since last request: 269.302643 seconds.
  path: Assets/Torre2.prefab
  artifactKey: Guid(8e6cfb938eee8cd498b5a21a6d3ff116) Importer(815301076,1909f56bfc062723c751e8b465ee728b)
Start importing Assets/Torre2.prefab using Guid(8e6cfb938eee8cd498b5a21a6d3ff116) Importer(815301076,1909f56bfc062723c751e8b465ee728b)  -> (artifact id: 'a169e788a5d4203bebf1e5cb0cd6725c') in 0.010389 seconds 
  Import took 0.012621 seconds .

========================================================================
Received Import Request.
  Time since last request: 1430.236666 seconds.
  path: Assets/_Prefabs/Torre3.prefab
  artifactKey: Guid(93eed729f7c956441b82b6d43afc4ce0) Importer(815301076,1909f56bfc062723c751e8b465ee728b)
Start importing Assets/_Prefabs/Torre3.prefab using Guid(93eed729f7c956441b82b6d43afc4ce0) Importer(815301076,1909f56bfc062723c751e8b465ee728b)  -> (artifact id: '0b4cfa8d44a3ceaaa2f912dfd739b8db') in 0.019755 seconds 
  Import took 0.022243 seconds .

AssetImportWorkerClient::OnTransportError - code=2 error=End of file
